


ARM Macro Assembler    Page 1 


    1 00000000         
    2 00000000                 AREA             |.text|, CODE, READONLY, ALIGN=
2
    3 00000000                 THUMB
    4 00000000                 EXPORT           delay
    5 00000000                 EXPORT           delayVari
    6 00000000         
    7 00000000         
    8 00000000         ;Be sure to export your created functions
    9 00000000         
   10 00000000         ;133333.33 ;25 ms seconds per loop  ;Change to calculate
                       d value
   11 00000000         delay
   12 00000000 F64D 7136       MOV              R1, #57142  ; put the value of 
                                                            DIMSEC into R0   | 
                                                            
   13 00000004         delay_loop
   14 00000004 4600            MOV              R0, R0
   15 00000006 4600            MOV              R0, R0
   16 00000008 4600            MOV              R0, R0
   17 0000000A 4600            MOV              R0 , R0
   18 0000000C 1E49            SUBS             R1, R1, #1
   19 0000000E D1F9            BNE              delay_loop  ; repeat until R1 =
                                                            = 0
   20 00000010 4770            BX               LR
   21 00000012         
   22 00000012         
   23 00000012         delayVari
   24 00000012 F64D 7136       MOV              R1, #57142  ; put the value of 
                                                            DIMSEC into R0   | 
                                                            
   25 00000016         delayVari_loop
   26 00000016 4600            MOV              R0, R0
   27 00000018 4600            MOV              R0, R0
   28 0000001A 4600            MOV              R0, R0
   29 0000001C 4600            MOV              R0 , R0
   30 0000001E 1E49            SUBS             R1, R1, #1
   31 00000020 D1F9            BNE              delayVari_loop ; repeat until R
                                                            1 == 0
   32 00000022         
   33 00000022 1E40            SUBS             R0, R0, #1
   34 00000024 D1FE            BNE              delayVari
   35 00000026 4770            BX               LR
   36 00000028         
   37 00000028         
   38 00000028                 ALIGN
   39 00000028                 END
Command Line: --debug --xref --diag_suppress=9931,A1950W --cpu=Cortex-M4 --fpu=
SoftVFP --depend=.\objects\delay.d -o.\objects\delay.o -IC:\Keil_v5\ARM\PACK\AR
M\Cortex_DFP\1.1.0\Device\ARMCM4\Include -IC:\Keil_v5\ARM\PACK\ARM\Cortex_DFP\1
.1.0\Device\ARM\ARMCM4\Include --predefine="__EVAL SETA 1" --predefine="__UVISI
ON_VERSION SETA 541" --predefine="ARMCM4 SETA 1" --list=.\listings\delay.lst de
lay.s



ARM Macro Assembler    Page 1 Alphabetic symbol ordering
Relocatable symbols

.text 00000000

Symbol: .text
   Definitions
      At line 2 in file delay.s
   Uses
      None
Comment: .text unused
delay 00000000

Symbol: delay
   Definitions
      At line 11 in file delay.s
   Uses
      At line 4 in file delay.s
Comment: delay used once
delayVari 00000012

Symbol: delayVari
   Definitions
      At line 23 in file delay.s
   Uses
      At line 5 in file delay.s
      At line 34 in file delay.s

delayVari_loop 00000016

Symbol: delayVari_loop
   Definitions
      At line 25 in file delay.s
   Uses
      At line 31 in file delay.s
Comment: delayVari_loop used once
delay_loop 00000004

Symbol: delay_loop
   Definitions
      At line 13 in file delay.s
   Uses
      At line 19 in file delay.s
Comment: delay_loop used once
5 symbols
338 symbols in table
