


ARM Macro Assembler    Page 1 


    1 00000000         
    2 00000000         
    3 00000000                 AREA             |.text|, CODE, READONLY, ALIGN=
2
    4 00000000                 THUMB
    5 00000000                 EXPORT           Start
    6 00000000                 IMPORT           PortF_Init
    7 00000000                 IMPORT           exp
    8 00000000                 IMPORT           delay
    9 00000000                 IMPORT           delayVari
   10 00000000                 IMPORT           mulsum4
   11 00000000                 IMPORT           blue_led_on
   12 00000000                 IMPORT           blue_led_off
   13 00000000                 IMPORT           red_led_on
   14 00000000                 IMPORT           red_led_off
   15 00000000                 IMPORT           green_led_on
   16 00000000                 IMPORT           green_led_off
   17 00000000                 IMPORT           leds_off
   18 00000000         
   19 00000000         ;Be sure to import your created functions
   20 00000000         
   21 00000000         
   22 00000000         
   23 00000000         Start
   24 00000000 F7FF FFFE       BL               PortF_Init
   25 00000004         loop
   26 00000004         
   27 00000004         ;Comment and uncomment the appropriate branch instructio
                       ns to demo the different parts of the lab
   28 00000004         ;B part1
   29 00000004         ;B part2
   30 00000004         ;B part3
   31 00000004 E018            B                part4
   32 00000006         
   33 00000006 E7FD            B                loop
   34 00000008         
   35 00000008         
   36 00000008         part1
   37 00000008         
   38 00000008         ;Toggle an LED every 25ms using your created 25ms delay 
                       subroutine
   39 00000008         
   40 00000008         ;Turn on LED
   41 00000008         ;Call 25 ms delay subroutine
   42 00000008         ;Turn off LED
   43 00000008         ;Call 25 ms delay subroutine
   44 00000008 F7FF FFFE       BL               red_led_on
   45 0000000C F7FF FFFE       BL               delay
   46 00000010 F7FF FFFE       BL               red_led_off
   47 00000014 F7FF FFFE       BL               delay
   48 00000018         
   49 00000018 E7F4            B                loop
   50 0000001A         
   51 0000001A         
   52 0000001A         part2
   53 0000001A         
   54 0000001A         ;Toggle an LED every 500ms using your created variable d
                       elay subroutine
   55 0000001A         



ARM Macro Assembler    Page 2 


   56 0000001A         ;Turn on LED
   57 0000001A F7FF FFFE       BL               red_led_on
   58 0000001E F04F 0014       MOV              R0, #20
   59 00000022 F7FF FFFE       BL               delayVari
   60 00000026 F7FF FFFE       BL               red_led_off
   61 0000002A F04F 0014       MOV              R0, #20
   62 0000002E F7FF FFFE       BL               delayVari
   63 00000032         
   64 00000032         
   65 00000032         ;Call variable delay subroutine
   66 00000032         ;Turn off LED
   67 00000032         ;MOV R0, #20
   68 00000032         ;Call variable delay subroutine
   69 00000032         
   70 00000032 E7E7            B                loop
   71 00000034         
   72 00000034         
   73 00000034         part3
   74 00000034         
   75 00000034 E002            B                testexp     ;Comment out to do 
                                                            your own testing
   76 00000036         
   77 00000036         ;You can use this section to test your "exp" function
   78 00000036         ;Example of self testing
   79 00000036         ;MOV #3
   80 00000036         ;MOV #2
   81 00000036         ;BL exp
   82 00000036         ;NOP ;Check debugger value to make sure result is 9 
   83 00000036         
   84 00000036         
   85 00000036 E7E5            B                loop
   86 00000038         
   87 00000038         
   88 00000038         part4
   89 00000038         
   90 00000038 E04E            B                testmulsum4 ;Comment out to do 
                                                            your own testing
   91 0000003A         
   92 0000003A E7E3            B                loop
   93 0000003C         
   94 0000003C         
   95 0000003C         
   96 0000003C         ;;;;;;;;;;;;;;;;;;;;;;;;;;;;;;;;;;;;
   97 0000003C         ;
   98 0000003C         ; Code for testing Parts 3 and 4
   99 0000003C         ;
  100 0000003C         ;;;;;;;;;;;;;;;;;;;;;;;;;;;;;;;;;;;;
  101 0000003C         
  102 0000003C         ;Tests exp subroutine which performs (A+B) to the power 
                       of A
  103 0000003C         ;Turns on green LED if exp is correct
  104 0000003C         ;Turns on red LED if exp is incorrect
  105 0000003C         testexp
  106 0000003C F7FF FFFE       BL               leds_off
  107 00000040 F04F 0001       MOV              R0, #1
  108 00000044 F04F 0102       MOV              R1, #2
  109 00000048 F04F 0403       MOV              R4, #3
  110 0000004C F7FF FFFE       BL               exp
  111 00000050 42A0            CMP              R0, R4



ARM Macro Assembler    Page 3 


  112 00000052 D13E            BNE              testexpfail
  113 00000054 F04F 0002       MOV              R0, #2
  114 00000058 F04F 0103       MOV              R1, #3
  115 0000005C F04F 0519       MOV              R5, #25
  116 00000060 F7FF FFFE       BL               exp
  117 00000064 42A8            CMP              R0, R5
  118 00000066 D134            BNE              testexpfail
  119 00000068 F04F 0003       MOV              R0, #3
  120 0000006C F04F 0107       MOV              R1, #7
  121 00000070 F44F 767A       MOV              R6, #1000
  122 00000074 F7FF FFFE       BL               exp
  123 00000078 42B0            CMP              R0, R6
  124 0000007A D12A            BNE              testexpfail
  125 0000007C         
  126 0000007C F04F 0002       MOV              R0, #2
  127 00000080 F04F 0102       MOV              R1, #2
  128 00000084 F04F 0710       MOV              R7, #16
  129 00000088 F7FF FFFE       BL               exp
  130 0000008C 42B8            CMP              R0, R7
  131 0000008E D120            BNE              testexpfail
  132 00000090         
  133 00000090 F04F 0003       MOV              R0, #3
  134 00000094 F04F 0103       MOV              R1, #3
  135 00000098 F04F 08D8       MOV              R8, #216
  136 0000009C F7FF FFFE       BL               exp
  137 000000A0 4540            CMP              R0, R8
  138 000000A2 D116            BNE              testexpfail
  139 000000A4         
  140 000000A4 F04F 0004       MOV              R0, #4
  141 000000A8 F04F 0104       MOV              R1, #4
  142 000000AC F44F 5980       MOV              R9, #4096
  143 000000B0 F7FF FFFE       BL               exp
  144 000000B4 4548            CMP              R0, R9
  145 000000B6 D10C            BNE              testexpfail
  146 000000B8         
  147 000000B8 F04F 0002       MOV              R0, #2
  148 000000BC F04F 0106       MOV              R1, #6
  149 000000C0 F04F 0A40       MOV              R10, #64
  150 000000C4 F7FF FFFE       BL               exp
  151 000000C8 4550            CMP              R0, R10
  152 000000CA D102            BNE              testexpfail
  153 000000CC         
  154 000000CC F7FF FFFE       BL               green_led_on ;All tests passed
  155 000000D0 E001            B                testexpend
  156 000000D2         testexpfail
  157 000000D2 F7FF FFFE       BL               red_led_on
  158 000000D6         testexpend
  159 000000D6 E795            B                loop
  160 000000D8         
  161 000000D8         
  162 000000D8         ;Tests mulsum4 which performs ((A+B)*(C+D)*3)+D+(B*C*4)
  163 000000D8         ; (A+B+C)*(B+C+D)*2
  164 000000D8         ;Turns on blue LED if func4 is correct
  165 000000D8         ;Turns on red LED if func4 is incorrect
  166 000000D8         testmulsum4
  167 000000D8 F7FF FFFE       BL               leds_off
  168 000000DC F04F 0001       MOV              R0, #1
  169 000000E0 F04F 0101       MOV              R1, #1
  170 000000E4 F04F 0201       MOV              R2, #1



ARM Macro Assembler    Page 4 


  171 000000E8 F04F 0301       MOV              R3, #1
  172 000000EC F04F 0412       MOV              R4, #18
  173 000000F0 F7FF FFFE       BL               mulsum4
  174 000000F4 42A0            CMP              R0, R4
  175 000000F6 D140            BNE              testmulsum4fail
  176 000000F8 F04F 0002       MOV              R0, #2
  177 000000FC F04F 0103       MOV              R1, #3
  178 00000100 F04F 0204       MOV              R2, #4
  179 00000104 F04F 0305       MOV              R3, #5
  180 00000108 F04F 05D8       MOV              R5, #216
  181 0000010C F7FF FFFE       BL               mulsum4
  182 00000110 42A8            CMP              R0, R5
  183 00000112 D132            BNE              testmulsum4fail
  184 00000114 F04F 0003       MOV              R0, #3
  185 00000118 F04F 0103       MOV              R1, #3
  186 0000011C F04F 0205       MOV              R2, #5
  187 00000120 F04F 0305       MOV              R3, #5
  188 00000124 F44F 768F       MOV              R6, #286
  189 00000128 F7FF FFFE       BL               mulsum4
  190 0000012C 42B0            CMP              R0, R6
  191 0000012E D124            BNE              testmulsum4fail
  192 00000130         
  193 00000130 F04F 0002       MOV              R0,#2
  194 00000134 F04F 0102       MOV              R1,#2
  195 00000138 F04F 0202       MOV              R2,#2
  196 0000013C F04F 0302       MOV              R3,#2
  197 00000140 F04F 0724       MOV              R7,#36
  198 00000144 F04F 0824       MOV              R8,#36
  199 00000148 F7FF FFFE       BL               mulsum4
  200 0000014C 4447            ADD              R7,R7,R8
  201 0000014E 42B8            CMP              R0,R7
  202 00000150 D113            BNE              testmulsum4fail
  203 00000152         
  204 00000152 F04F 0003       MOV              R0,#3
  205 00000156 F04F 0104       MOV              R1,#4
  206 0000015A F04F 0201       MOV              R2,#1
  207 0000015E F04F 0303       MOV              R3,#3
  208 00000162 F04F 0940       MOV              R9,#64
  209 00000166 F04F 0A40       MOV              R10,#64
  210 0000016A F7FF FFFE       BL               mulsum4
  211 0000016E 44D1            ADD              R9,R9,R10
  212 00000170 4548            CMP              R0,R9
  213 00000172 D102            BNE              testmulsum4fail
  214 00000174         
  215 00000174 F7FF FFFE       BL               blue_led_on ;All tests passed
  216 00000178 E001            B                testmulsum4end
  217 0000017A         testmulsum4fail
  218 0000017A F7FF FFFE       BL               red_led_on
  219 0000017E         testmulsum4end
  220 0000017E E741            B                loop
  221 00000180         
  222 00000180         
  223 00000180                 ALIGN
  224 00000180                 END
Command Line: --debug --xref --diag_suppress=9931,A1950W --cpu=Cortex-M4 --fpu=
SoftVFP --depend=.\objects\main.d -o.\objects\main.o -IC:\Keil_v5\ARM\PACK\ARM\
Cortex_DFP\1.1.0\Device\ARMCM4\Include -IC:\Keil_v5\ARM\PACK\ARM\Cortex_DFP\1.1
.0\Device\ARM\ARMCM4\Include --predefine="__EVAL SETA 1" --predefine="__UVISION
_VERSION SETA 541" --predefine="ARMCM4 SETA 1" --list=.\listings\main.lst main.



ARM Macro Assembler    Page 5 


s



ARM Macro Assembler    Page 1 Alphabetic symbol ordering
Relocatable symbols

.text 00000000

Symbol: .text
   Definitions
      At line 3 in file main.s
   Uses
      None
Comment: .text unused
Start 00000000

Symbol: Start
   Definitions
      At line 23 in file main.s
   Uses
      At line 5 in file main.s
Comment: Start used once
loop 00000004

Symbol: loop
   Definitions
      At line 25 in file main.s
   Uses
      At line 33 in file main.s
      At line 49 in file main.s
      At line 70 in file main.s
      At line 85 in file main.s
      At line 92 in file main.s
      At line 159 in file main.s
      At line 220 in file main.s

part1 00000008

Symbol: part1
   Definitions
      At line 36 in file main.s
   Uses
      None
Comment: part1 unused
part2 0000001A

Symbol: part2
   Definitions
      At line 52 in file main.s
   Uses
      None
Comment: part2 unused
part3 00000034

Symbol: part3
   Definitions
      At line 73 in file main.s
   Uses
      None
Comment: part3 unused
part4 00000038

Symbol: part4
   Definitions
      At line 88 in file main.s



ARM Macro Assembler    Page 2 Alphabetic symbol ordering
Relocatable symbols

   Uses
      At line 31 in file main.s
Comment: part4 used once
testexp 0000003C

Symbol: testexp
   Definitions
      At line 105 in file main.s
   Uses
      At line 75 in file main.s
Comment: testexp used once
testexpend 000000D6

Symbol: testexpend
   Definitions
      At line 158 in file main.s
   Uses
      At line 155 in file main.s
Comment: testexpend used once
testexpfail 000000D2

Symbol: testexpfail
   Definitions
      At line 156 in file main.s
   Uses
      At line 112 in file main.s
      At line 118 in file main.s
      At line 124 in file main.s
      At line 131 in file main.s
      At line 138 in file main.s
      At line 145 in file main.s
      At line 152 in file main.s

testmulsum4 000000D8

Symbol: testmulsum4
   Definitions
      At line 166 in file main.s
   Uses
      At line 90 in file main.s
Comment: testmulsum4 used once
testmulsum4end 0000017E

Symbol: testmulsum4end
   Definitions
      At line 219 in file main.s
   Uses
      At line 216 in file main.s
Comment: testmulsum4end used once
testmulsum4fail 0000017A

Symbol: testmulsum4fail
   Definitions
      At line 217 in file main.s
   Uses
      At line 175 in file main.s
      At line 183 in file main.s
      At line 191 in file main.s
      At line 202 in file main.s



ARM Macro Assembler    Page 3 Alphabetic symbol ordering
Relocatable symbols

      At line 213 in file main.s

13 symbols



ARM Macro Assembler    Page 1 Alphabetic symbol ordering
External symbols

PortF_Init 00000000

Symbol: PortF_Init
   Definitions
      At line 6 in file main.s
   Uses
      At line 24 in file main.s
Comment: PortF_Init used once
blue_led_off 00000000

Symbol: blue_led_off
   Definitions
      At line 12 in file main.s
   Uses
      None
Comment: blue_led_off unused
blue_led_on 00000000

Symbol: blue_led_on
   Definitions
      At line 11 in file main.s
   Uses
      At line 215 in file main.s
Comment: blue_led_on used once
delay 00000000

Symbol: delay
   Definitions
      At line 8 in file main.s
   Uses
      At line 45 in file main.s
      At line 47 in file main.s

delayVari 00000000

Symbol: delayVari
   Definitions
      At line 9 in file main.s
   Uses
      At line 59 in file main.s
      At line 62 in file main.s

exp 00000000

Symbol: exp
   Definitions
      At line 7 in file main.s
   Uses
      At line 110 in file main.s
      At line 116 in file main.s
      At line 122 in file main.s
      At line 129 in file main.s
      At line 136 in file main.s
      At line 143 in file main.s
      At line 150 in file main.s

green_led_off 00000000

Symbol: green_led_off



ARM Macro Assembler    Page 2 Alphabetic symbol ordering
External symbols

   Definitions
      At line 16 in file main.s
   Uses
      None
Comment: green_led_off unused
green_led_on 00000000

Symbol: green_led_on
   Definitions
      At line 15 in file main.s
   Uses
      At line 154 in file main.s
Comment: green_led_on used once
leds_off 00000000

Symbol: leds_off
   Definitions
      At line 17 in file main.s
   Uses
      At line 106 in file main.s
      At line 167 in file main.s

mulsum4 00000000

Symbol: mulsum4
   Definitions
      At line 10 in file main.s
   Uses
      At line 173 in file main.s
      At line 181 in file main.s
      At line 189 in file main.s
      At line 199 in file main.s
      At line 210 in file main.s

red_led_off 00000000

Symbol: red_led_off
   Definitions
      At line 14 in file main.s
   Uses
      At line 46 in file main.s
      At line 60 in file main.s

red_led_on 00000000

Symbol: red_led_on
   Definitions
      At line 13 in file main.s
   Uses
      At line 44 in file main.s
      At line 57 in file main.s
      At line 157 in file main.s
      At line 218 in file main.s

12 symbols
358 symbols in table
