


ARM Macro Assembler    Page 1 


    1 00000000 400253FC 
                       GPIO_PORTF_DATA_R
                               EQU              0x400253FC
    2 00000000 40025400 
                       GPIO_PORTF_DIR_R
                               EQU              0x40025400
    3 00000000 40025420 
                       GPIO_PORTF_AFSEL_R
                               EQU              0x40025420
    4 00000000 40025510 
                       GPIO_PORTF_PUR_R
                               EQU              0x40025510
    5 00000000 4002551C 
                       GPIO_PORTF_DEN_R
                               EQU              0x4002551C
    6 00000000 40025520 
                       GPIO_PORTF_LOCK_R
                               EQU              0x40025520
    7 00000000 40025524 
                       GPIO_PORTF_CR_R
                               EQU              0x40025524
    8 00000000 40025528 
                       GPIO_PORTF_AMSEL_R
                               EQU              0x40025528
    9 00000000 4002552C 
                       GPIO_PORTF_PCTL_R
                               EQU              0x4002552C
   10 00000000 4C4F434B 
                       GPIO_LOCK_KEY
                               EQU              0x4C4F434B  ; Unlocks the GPIO_
                                                            CR register
   11 00000000 400FE108 
                       SYSCTL_RCGC2_R
                               EQU              0x400FE108
   12 00000000 00000020 
                       SYSCTL_RCGC2_GPIOF
                               EQU              0x00000020  ; port F Clock Gati
                                                            ng Control
   13 00000000 40025038 
                       LEDS    EQU              0x40025038
   14 00000000         
   15 00000000         
   16 00000000         
   17 00000000                 AREA             |.text|, CODE, READONLY, ALIGN=
2
   18 00000000                 THUMB
   19 00000000                 EXPORT           PortF_Init
   20 00000000                 EXPORT           LEDs_on
   21 00000000         
   22 00000000         ;Be sure to export your created I/O functions
   23 00000000         
   24 00000000         
   25 00000000         
   26 00000000         PortF_Init
   27 00000000         ;Do not use MOV in the code you write
   28 00000000         
   29 00000000         ; 1) activate clock for Port F
   30 00000000         ; allow time for clock to finish
   31 00000000         



ARM Macro Assembler    Page 2 


   32 00000000         
   33 00000000 4910            LDR              R1, =GPIO_PORTF_LOCK_R ; 2) unl
                                                            ock the lock regist
                                                            er
   34 00000002 4811            LDR              R0, =0x4C4F434B ; unlock GPIO P
                                                            ort F Commit Regist
                                                            er
   35 00000004 6008            STR              R0, [R1]
   36 00000006 4911            LDR              R1, =GPIO_PORTF_CR_R ; enable c
                                                            ommit for Port F
   37 00000008 F04F 00FF       MOV              R0, #0xFF   ; 1 means allow acc
                                                            ess
   38 0000000C 6008            STR              R0, [R1]
   39 0000000E         
   40 0000000E         ; 3) disable analog functionality
   41 0000000E         ; 0 means analog is off
   42 0000000E         
   43 0000000E         
   44 0000000E 4910            LDR              R1, =GPIO_PORTF_PCTL_R ; 4) con
                                                            figure as GPIO
   45 00000010 F04F 0000       MOV              R0, #0x00000000 ; 0 means confi
                                                            gure Port F as GPIO
                                                            
   46 00000014 6008            STR              R0, [R1]
   47 00000016         
   48 00000016         ; 5) set direction register            
   49 00000016         
   50 00000016 490F            LDR              R1, =GPIO_PORTF_AFSEL_R ; 6) re
                                                            gular port function
                                                            
   51 00000018 F04F 0000       MOV              R0, #0      ; 0 means disable a
                                                            lternate function 
   52 0000001C 6008            STR              R0, [R1]
   53 0000001E 490E            LDR              R1, =GPIO_PORTF_PUR_R ; enable 
                                                            pull-up resistors f
                                                            or pushbuttons
   54 00000020 F04F 0011       MOV              R0, #0x11
   55 00000024 6008            STR              R0, [R1]
   56 00000026         
   57 00000026         ; 7) enable Port F digital port
   58 00000026         
   59 00000026         
   60 00000026         
   61 00000026 4770            BX               LR
   62 00000028         
   63 00000028         
   64 00000028         ; Used to test init function
   65 00000028         ; Format should not be copied for later parts of the lab
                       , instead use GPIO_PORTF_DATA_R
   66 00000028         LEDs_on
   67 00000028 480C            LDR              R0, =LEDS
   68 0000002A F04F 01FF       MOV              R1, #0xFF
   69 0000002E 6001            STR              R1, [R0]
   70 00000030 4770            BX               LR
   71 00000032         
   72 00000032         
   73 00000032         ;Add your functions here
   74 00000032         
   75 00000032         red_on



ARM Macro Assembler    Page 3 


   76 00000032         
   77 00000032 4770            BX               LR
   78 00000034         
   79 00000034         
   80 00000034         red_toggle
   81 00000034         
   82 00000034 4770            BX               LR
   83 00000036         
   84 00000036         
   85 00000036         blue_on
   86 00000036         
   87 00000036 4770            BX               LR
   88 00000038         
   89 00000038         
   90 00000038         blue_toggle
   91 00000038         
   92 00000038 4770            BX               LR
   93 0000003A         
   94 0000003A         
   95 0000003A         green_toggle
   96 0000003A         
   97 0000003A 4770            BX               LR
   98 0000003C         
   99 0000003C         
  100 0000003C         all_off
  101 0000003C         
  102 0000003C 4770            BX               LR
  103 0000003E         
  104 0000003E         
  105 0000003E         buttons
  106 0000003E         
  107 0000003E 4770            BX               LR
  108 00000040         
  109 00000040         
  110 00000040         delay
  111 00000040         
  112 00000040 4770            BX               LR
  113 00000042         
  114 00000042         
  115 00000042 00 00           ALIGN
  116 00000044                 END
              40025520 
              4C4F434B 
              40025524 
              4002552C 
              40025420 
              40025510 
              40025038 
Command Line: --debug --xref --diag_suppress=9931,A1950W --cpu=Cortex-M4 --fpu=
SoftVFP --depend=.\objects\portf.d -o.\objects\portf.o -IC:\Keil_v5\ARM\PACK\AR
M\Cortex_DFP\1.1.0\Device\ARMCM4\Include -IC:\Keil_v5\ARM\PACK\ARM\Cortex_DFP\1
.1.0\Device\ARM\ARMCM4\Include --predefine="__EVAL SETA 1" --predefine="__UVISI
ON_VERSION SETA 541" --predefine="ARMCM4 SETA 1" --list=.\listings\portf.lst Po
rtF.s



ARM Macro Assembler    Page 1 Alphabetic symbol ordering
Relocatable symbols

.text 00000000

Symbol: .text
   Definitions
      At line 17 in file PortF.s
   Uses
      None
Comment: .text unused
LEDs_on 00000028

Symbol: LEDs_on
   Definitions
      At line 66 in file PortF.s
   Uses
      At line 20 in file PortF.s
Comment: LEDs_on used once
PortF_Init 00000000

Symbol: PortF_Init
   Definitions
      At line 26 in file PortF.s
   Uses
      At line 19 in file PortF.s
Comment: PortF_Init used once
all_off 0000003C

Symbol: all_off
   Definitions
      At line 100 in file PortF.s
   Uses
      None
Comment: all_off unused
blue_on 00000036

Symbol: blue_on
   Definitions
      At line 85 in file PortF.s
   Uses
      None
Comment: blue_on unused
blue_toggle 00000038

Symbol: blue_toggle
   Definitions
      At line 90 in file PortF.s
   Uses
      None
Comment: blue_toggle unused
buttons 0000003E

Symbol: buttons
   Definitions
      At line 105 in file PortF.s
   Uses
      None
Comment: buttons unused
delay 00000040

Symbol: delay



ARM Macro Assembler    Page 2 Alphabetic symbol ordering
Relocatable symbols

   Definitions
      At line 110 in file PortF.s
   Uses
      None
Comment: delay unused
green_toggle 0000003A

Symbol: green_toggle
   Definitions
      At line 95 in file PortF.s
   Uses
      None
Comment: green_toggle unused
red_on 00000032

Symbol: red_on
   Definitions
      At line 75 in file PortF.s
   Uses
      None
Comment: red_on unused
red_toggle 00000034

Symbol: red_toggle
   Definitions
      At line 80 in file PortF.s
   Uses
      None
Comment: red_toggle unused
11 symbols



ARM Macro Assembler    Page 1 Alphabetic symbol ordering
Absolute symbols

GPIO_LOCK_KEY 4C4F434B

Symbol: GPIO_LOCK_KEY
   Definitions
      At line 10 in file PortF.s
   Uses
      None
Comment: GPIO_LOCK_KEY unused
GPIO_PORTF_AFSEL_R 40025420

Symbol: GPIO_PORTF_AFSEL_R
   Definitions
      At line 3 in file PortF.s
   Uses
      At line 50 in file PortF.s
Comment: GPIO_PORTF_AFSEL_R used once
GPIO_PORTF_AMSEL_R 40025528

Symbol: GPIO_PORTF_AMSEL_R
   Definitions
      At line 8 in file PortF.s
   Uses
      None
Comment: GPIO_PORTF_AMSEL_R unused
GPIO_PORTF_CR_R 40025524

Symbol: GPIO_PORTF_CR_R
   Definitions
      At line 7 in file PortF.s
   Uses
      At line 36 in file PortF.s
Comment: GPIO_PORTF_CR_R used once
GPIO_PORTF_DATA_R 400253FC

Symbol: GPIO_PORTF_DATA_R
   Definitions
      At line 1 in file PortF.s
   Uses
      None
Comment: GPIO_PORTF_DATA_R unused
GPIO_PORTF_DEN_R 4002551C

Symbol: GPIO_PORTF_DEN_R
   Definitions
      At line 5 in file PortF.s
   Uses
      None
Comment: GPIO_PORTF_DEN_R unused
GPIO_PORTF_DIR_R 40025400

Symbol: GPIO_PORTF_DIR_R
   Definitions
      At line 2 in file PortF.s
   Uses
      None
Comment: GPIO_PORTF_DIR_R unused
GPIO_PORTF_LOCK_R 40025520

Symbol: GPIO_PORTF_LOCK_R



ARM Macro Assembler    Page 2 Alphabetic symbol ordering
Absolute symbols

   Definitions
      At line 6 in file PortF.s
   Uses
      At line 33 in file PortF.s
Comment: GPIO_PORTF_LOCK_R used once
GPIO_PORTF_PCTL_R 4002552C

Symbol: GPIO_PORTF_PCTL_R
   Definitions
      At line 9 in file PortF.s
   Uses
      At line 44 in file PortF.s
Comment: GPIO_PORTF_PCTL_R used once
GPIO_PORTF_PUR_R 40025510

Symbol: GPIO_PORTF_PUR_R
   Definitions
      At line 4 in file PortF.s
   Uses
      At line 53 in file PortF.s
Comment: GPIO_PORTF_PUR_R used once
LEDS 40025038

Symbol: LEDS
   Definitions
      At line 13 in file PortF.s
   Uses
      At line 67 in file PortF.s
Comment: LEDS used once
SYSCTL_RCGC2_GPIOF 00000020

Symbol: SYSCTL_RCGC2_GPIOF
   Definitions
      At line 12 in file PortF.s
   Uses
      None
Comment: SYSCTL_RCGC2_GPIOF unused
SYSCTL_RCGC2_R 400FE108

Symbol: SYSCTL_RCGC2_R
   Definitions
      At line 11 in file PortF.s
   Uses
      None
Comment: SYSCTL_RCGC2_R unused
13 symbols
359 symbols in table
