


ARM Macro Assembler    Page 1 


    1 00000000         
    2 00000000         
    3 00000000                 AREA             |.text|, CODE, READONLY, ALIGN=
2
    4 00000000                 THUMB
    5 00000000                 EXPORT           Start
    6 00000000                 IMPORT           PortF_Init
    7 00000000                 IMPORT           LEDs_on
    8 00000000                 IMPORT           red_on
    9 00000000                 IMPORT           blue_on
   10 00000000                 IMPORT           green_toggle
   11 00000000                 IMPORT           all_off
   12 00000000                 IMPORT           buttons
   13 00000000                 IMPORT           delay
   14 00000000         
   15 00000000                 IMPORT           blue_led_on
   16 00000000                 IMPORT           blue_led_off
   17 00000000                 IMPORT           red_led_on
   18 00000000                 IMPORT           red_led_off
   19 00000000                 IMPORT           green_led_on
   20 00000000                 IMPORT           green_led_off
   21 00000000         
   22 00000000         
   23 00000000         
   24 00000000         
   25 00000000         ;Be sure to import your created I/O functions
   26 00000000         
   27 00000000         
   28 00000000         
   29 00000000         Start
   30 00000000 F7FF FFFE       BL               PortF_Init
   31 00000004         
   32 00000004         
   33 00000004         loop
   34 00000004         ;Used by Part 1 to prove PortF_Init is correct
   35 00000004         
   36 00000004         ; Part 3
   37 00000004         ; Call delay
   38 00000004         ; Read the state of the buttons
   39 00000004         ; None -> Call toggle
   40 00000004         ; SW1 -> Call blue_on
   41 00000004         ; SW2 -> Call red_on
   42 00000004         ; Both -> Call toggle, blue_on, red_on
   43 00000004         
   44 00000004 F7FF FFFE       BL               delay
   45 00000008 F7FF FFFE       BL               buttons
   46 0000000C 4604            MOV              R4, R0
   47 0000000E         
   48 0000000E 2C11            CMP              R4, #0x11   ;No buttons pressed
                                                            ?
   49 00000010 D102            BNE              checkSW1
   50 00000012 F7FF FFFE       BL               green_toggle
   51 00000016 E7F5            B                loop
   52 00000018         checkSW1
   53 00000018 2C01            CMP              R4, #0x01   ;SW1 pressed?
   54 0000001A D102            BNE              checkSW2
   55 0000001C F7FF FFFE       BL               blue_on
   56 00000020 E7F0            B                loop
   57 00000022         checkSW2



ARM Macro Assembler    Page 2 


   58 00000022 2C10            CMP              R4, #0x10   ;SW2 pressed?
   59 00000024 D102            BNE              bothSW
   60 00000026 F7FF FFFE       BL               red_on
   61 0000002A E7EB            B                loop
   62 0000002C         
   63 0000002C         bothSW
   64 0000002C F7FF FFFE       BL               red_on
   65 00000030 F7FF FFFE       BL               blue_on
   66 00000034 F7FF FFFE       BL               green_toggle
   67 00000038         
   68 00000038 E7E4            B                loop
   69 0000003A         
   70 0000003A         end
   71 0000003A 00 00           ALIGN
   72 0000003C                 END
Command Line: --debug --xref --diag_suppress=9931,A1950W --cpu=Cortex-M4 --fpu=
SoftVFP --depend=.\objects\main.d -o.\objects\main.o -IC:\Keil_v5\ARM\PACK\ARM\
Cortex_DFP\1.1.0\Device\ARMCM4\Include -IC:\Keil_v5\ARM\PACK\ARM\Cortex_DFP\1.1
.0\Device\ARM\ARMCM4\Include --predefine="__EVAL SETA 1" --predefine="__UVISION
_VERSION SETA 542" --predefine="ARMCM4 SETA 1" --list=.\listings\main.lst main.
s



ARM Macro Assembler    Page 1 Alphabetic symbol ordering
Relocatable symbols

.text 00000000

Symbol: .text
   Definitions
      At line 3 in file main.s
   Uses
      None
Comment: .text unused
Start 00000000

Symbol: Start
   Definitions
      At line 29 in file main.s
   Uses
      At line 5 in file main.s
Comment: Start used once
bothSW 0000002C

Symbol: bothSW
   Definitions
      At line 63 in file main.s
   Uses
      At line 59 in file main.s
Comment: bothSW used once
checkSW1 00000018

Symbol: checkSW1
   Definitions
      At line 52 in file main.s
   Uses
      At line 49 in file main.s
Comment: checkSW1 used once
checkSW2 00000022

Symbol: checkSW2
   Definitions
      At line 57 in file main.s
   Uses
      At line 54 in file main.s
Comment: checkSW2 used once
end 0000003A

Symbol: end
   Definitions
      At line 70 in file main.s
   Uses
      None
Comment: end unused
loop 00000004

Symbol: loop
   Definitions
      At line 33 in file main.s
   Uses
      At line 51 in file main.s
      At line 56 in file main.s
      At line 61 in file main.s
      At line 68 in file main.s




ARM Macro Assembler    Page 2 Alphabetic symbol ordering
Relocatable symbols

7 symbols



ARM Macro Assembler    Page 1 Alphabetic symbol ordering
External symbols

LEDs_on 00000000

Symbol: LEDs_on
   Definitions
      At line 7 in file main.s
   Uses
      None
Comment: LEDs_on unused
PortF_Init 00000000

Symbol: PortF_Init
   Definitions
      At line 6 in file main.s
   Uses
      At line 30 in file main.s
Comment: PortF_Init used once
all_off 00000000

Symbol: all_off
   Definitions
      At line 11 in file main.s
   Uses
      None
Comment: all_off unused
blue_led_off 00000000

Symbol: blue_led_off
   Definitions
      At line 16 in file main.s
   Uses
      None
Comment: blue_led_off unused
blue_led_on 00000000

Symbol: blue_led_on
   Definitions
      At line 15 in file main.s
   Uses
      None
Comment: blue_led_on unused
blue_on 00000000

Symbol: blue_on
   Definitions
      At line 9 in file main.s
   Uses
      At line 55 in file main.s
      At line 65 in file main.s

buttons 00000000

Symbol: buttons
   Definitions
      At line 12 in file main.s
   Uses
      At line 45 in file main.s
Comment: buttons used once
delay 00000000




ARM Macro Assembler    Page 2 Alphabetic symbol ordering
External symbols

Symbol: delay
   Definitions
      At line 13 in file main.s
   Uses
      At line 44 in file main.s
Comment: delay used once
green_led_off 00000000

Symbol: green_led_off
   Definitions
      At line 20 in file main.s
   Uses
      None
Comment: green_led_off unused
green_led_on 00000000

Symbol: green_led_on
   Definitions
      At line 19 in file main.s
   Uses
      None
Comment: green_led_on unused
green_toggle 00000000

Symbol: green_toggle
   Definitions
      At line 10 in file main.s
   Uses
      At line 50 in file main.s
      At line 66 in file main.s

red_led_off 00000000

Symbol: red_led_off
   Definitions
      At line 18 in file main.s
   Uses
      None
Comment: red_led_off unused
red_led_on 00000000

Symbol: red_led_on
   Definitions
      At line 17 in file main.s
   Uses
      None
Comment: red_led_on unused
red_on 00000000

Symbol: red_on
   Definitions
      At line 8 in file main.s
   Uses
      At line 60 in file main.s
      At line 64 in file main.s

14 symbols
354 symbols in table
