


ARM Macro Assembler    Page 1 


    1 00000000 400253FC 
                       GPIO_PORTF_DATA_R
                               EQU              0x400253FC
    2 00000000 40025400 
                       GPIO_PORTF_DIR_R
                               EQU              0x40025400
    3 00000000 40025420 
                       GPIO_PORTF_AFSEL_R
                               EQU              0x40025420
    4 00000000 40025510 
                       GPIO_PORTF_PUR_R
                               EQU              0x40025510
    5 00000000 4002551C 
                       GPIO_PORTF_DEN_R
                               EQU              0x4002551C
    6 00000000 40025520 
                       GPIO_PORTF_LOCK_R
                               EQU              0x40025520
    7 00000000 40025524 
                       GPIO_PORTF_CR_R
                               EQU              0x40025524
    8 00000000 40025528 
                       GPIO_PORTF_AMSEL_R
                               EQU              0x40025528
    9 00000000 4002552C 
                       GPIO_PORTF_PCTL_R
                               EQU              0x4002552C
   10 00000000 4C4F434B 
                       GPIO_LOCK_KEY
                               EQU              0x4C4F434B  ; Unlocks the GPIO_
                                                            CR register
   11 00000000 400FE108 
                       SYSCTL_RCGC2_R
                               EQU              0x400FE108
   12 00000000 00000020 
                       SYSCTL_RCGC2_GPIOF
                               EQU              0x00000020  ; port F Clock Gati
                                                            ng Control
   13 00000000 40025038 
                       LEDS    EQU              0x40025038
   14 00000000         
   15 00000000         
   16 00000000 00000002 
                       RED     EQU              0x02
   17 00000000 00000004 
                       BLUE    EQU              0x04
   18 00000000 00000008 
                       GREEN   EQU              0x08
   19 00000000 40025008 
                       PF1     EQU              0x40025008  ; RED LED PORT
   20 00000000 40025010 
                       PF2     EQU              0x40025010  ; Blue LED PORT
   21 00000000 40025020 
                       PF3     EQU              0x40025020  ; Green LED PORT
   22 00000000         
   23 00000000         
   24 00000000         
   25 00000000                 AREA             |.text|, CODE, READONLY, ALIGN=
2



ARM Macro Assembler    Page 2 


   26 00000000                 THUMB
   27 00000000                 EXPORT           PortF_Init
   28 00000000                 EXPORT           LEDs_on
   29 00000000                 EXPORT           red_on
   30 00000000                 EXPORT           blue_on
   31 00000000                 EXPORT           green_toggle
   32 00000000                 EXPORT           all_off
   33 00000000                 EXPORT           buttons
   34 00000000                 EXPORT           delay
   35 00000000         
   36 00000000         ;REMOVE BELOW
   37 00000000                 EXPORT           blue_led_on
   38 00000000                 EXPORT           blue_led_off
   39 00000000                 EXPORT           red_led_on
   40 00000000                 EXPORT           red_led_off
   41 00000000                 EXPORT           green_led_on
   42 00000000                 EXPORT           green_led_off
   43 00000000         
   44 00000000         
   45 00000000         ;Be sure to export your created I/O functions
   46 00000000 00000000 
                       PART3   EQU              0x00
   47 00000000 000000FF 
                       PART7   EQU              0xFF
   48 00000000         
   49 00000000         
   50 00000000         PortF_Init
   51 00000000         ;Do not use MOV in the code you write
   52 00000000         
   53 00000000         ; 1) activate clock for Port F
   54 00000000         ; allow time for clock to finish
   55 00000000 4934            LDR              R1, =SYSCTL_RCGC2_R
   56 00000002 6808            LDR              R0, [R1]
   57 00000004 F040 0020       ORR              R0, R0, #0x20
   58 00000008 6008            STR              R0, [R1]
   59 0000000A BF00            NOP
   60 0000000C BF00            NOP
   61 0000000E         
   62 0000000E 4932            LDR              R1, =GPIO_PORTF_LOCK_R ; 2) unl
                                                            ock the lock regist
                                                            er
   63 00000010 4832            LDR              R0, =0x4C4F434B ; unlock GPIO P
                                                            ort F Commit Regist
                                                            er
   64 00000012 6008            STR              R0, [R1]
   65 00000014 4932            LDR              R1, =GPIO_PORTF_CR_R ; enable c
                                                            ommit for Port F
   66 00000016 F04F 00FF       MOV              R0, #0xFF   ; 1 means allow acc
                                                            ess
   67 0000001A 6008            STR              R0, [R1]
   68 0000001C         
   69 0000001C         ; 3) disable analog functionality (Our code)
   70 0000001C         ; 0 means analog is off
   71 0000001C 4931            LDR              R1, =GPIO_PORTF_AMSEL_R ; Load 
                                                            address of amsel
   72 0000001E F100 0000       ADD              R0, #0x00
   73 00000022 6008            STR              R0, [R1]
   74 00000024         
   75 00000024         



ARM Macro Assembler    Page 3 


   76 00000024 4930            LDR              R1, =GPIO_PORTF_PCTL_R ; 4) con
                                                            figure as GPIO
   77 00000026 F04F 0000       MOV              R0, #0x00000000 ; 0 means confi
                                                            gure Port F as GPIO
                                                            
   78 0000002A 6008            STR              R0, [R1]
   79 0000002C         
   80 0000002C         ; 5) set direction register
   81 0000002C 492F            LDR              R1, =GPIO_PORTF_DIR_R ; Load ad
                                                            dress of Direction 
                                                            Register
   82 0000002E F04F 000E       LDR              R0, =0x0E   ; 0x0E = 00001110 (
                                                            PF1, PF2, PF3 as ou
                                                            tput; PF0, PF4 as i
                                                            nput)
   83 00000032 6008            STR              R0, [R1]
   84 00000034         
   85 00000034 492E            LDR              R1, =GPIO_PORTF_AFSEL_R ; 6) re
                                                            gular port function
                                                            
   86 00000036 F04F 0000       MOV              R0, #0      ; 0 means disable a
                                                            lternate function 
   87 0000003A 6008            STR              R0, [R1]
   88 0000003C 492D            LDR              R1, =GPIO_PORTF_PUR_R ; enable 
                                                            pull-up resistors f
                                                            or pushbuttons
   89 0000003E F04F 0011       MOV              R0, #0x11
   90 00000042 6008            STR              R0, [R1]
   91 00000044         
   92 00000044         ; 7) enable Port F digital port (Our Code)
   93 00000044 492C            LDR              R1, =GPIO_PORTF_DEN_R ; Load ad
                                                            dress of der
   94 00000046 F040 00FF       ORR              R0, #0xFF   ; Enable digital fu
                                                            nctionality on all 
                                                            five pins
   95 0000004A 6008            STR              R0, [R1]
   96 0000004C         
   97 0000004C         
   98 0000004C 4770            BX               LR
   99 0000004E         
  100 0000004E         
  101 0000004E         ; Used to test init function
  102 0000004E         ; Format should not be copied for later parts of the lab
                       , instead use GPIO_PORTF_DATA_R
  103 0000004E         LEDs_on
  104 0000004E 482B            LDR              R0, =LEDS
  105 00000050 F04F 01FF       MOV              R1, #0xFF
  106 00000054 6001            STR              R1, [R0]
  107 00000056 4770            BX               LR
  108 00000058         
  109 00000058         
  110 00000058         ;Add your functions here
  111 00000058         
  112 00000058         red_on
  113 00000058 4929            LDR              R1, =PF1
  114 0000005A 6808            LDR              R0, [R1]
  115 0000005C F040 0002       ORR              R0, R0, #RED
  116 00000060 6008            STR              R0, [R1]
  117 00000062 4770            BX               LR



ARM Macro Assembler    Page 4 


  118 00000064         
  119 00000064         blue_on
  120 00000064 4927            LDR              R1, =PF2
  121 00000066 6808            LDR              R0, [R1]
  122 00000068 F040 0004       ORR              R0, R0, #BLUE
  123 0000006C 6008            STR              R0, [R1]
  124 0000006E 4770            BX               LR
  125 00000070         
  126 00000070         green_toggle
  127 00000070 4925            LDR              R1, =PF3
  128 00000072 6808            LDR              R0, [R1]
  129 00000074 F080 0008       EOR              R0, R0, #GREEN
  130 00000078 6008            STR              R0, [R1]
  131 0000007A 4770            BX               LR
  132 0000007C         
  133 0000007C         all_off
  134 0000007C         
  135 0000007C 491F            LDR              R1, =LEDS
  136 0000007E F000 0000       AND              R0, #0x00
  137 00000082 6008            STR              R0, [R1]
  138 00000084 4770            BX               LR
  139 00000086         
  140 00000086         
  141 00000086         buttons
  142 00000086         
  143 00000086 4921            LDR              R1, =GPIO_PORTF_DATA_R
  144 00000088 6808            LDR              R0, [R1]
  145 0000008A F000 0011       AND              R0, #0x11
  146 0000008E 4770            BX               LR
  147 00000090         
  148 00000090         
  149 00000090         ;DELAYVAL  EQU 32000 ;16000*500 = 8000000 1.5 seconds pe
                       r loop  ;Change to calculated value
  150 00000090         
  151 00000090 002932E0 
                       DELAYVAL
                               EQU              2700000     ;16000*500 = 800000
                                                            0 1.5 seconds per l
                                                            oop  ;Change to cal
                                                            culated value
  152 00000090         
  153 00000090         delay
  154 00000090 481F            LDR              R0, =DELAYVAL ; put the value o
                                                            f DIMSEC into R0
  155 00000092         delay_loop
  156 00000092 1E40            SUBS             R0, R0, #1  ; R0 = R0 - 1
  157 00000094 D1FD            BNE              delay_loop  ; repeat until R0 =
                                                            = 0
  158 00000096 4770            BX               LR
  159 00000098         
  160 00000098         ; REMOVE BELOW LATER
  161 00000098         
  162 00000098         blue_led_on
  163 00000098 491A            LDR              R1, =PF2
  164 0000009A F04F 0004       MOV              R0, #BLUE   ; R0 = BLUE (blue L
                                                            ED on)
  165 0000009E 6008            STR              R0, [R1]    ; turn the blue LED
                                                             on
  166 000000A0 4770            BX               LR



ARM Macro Assembler    Page 5 


  167 000000A2         blue_led_off
  168 000000A2 4918            LDR              R1, =PF2
  169 000000A4 F04F 0000       MOV              R0, #0      ; R0 = 0
  170 000000A8 6008            STR              R0, [R1]    ; turn the blue LED
                                                             OFF
  171 000000AA 4770            BX               LR
  172 000000AC         
  173 000000AC         ;------------red_led_on-------
  174 000000AC         ; Turn the red LED on
  175 000000AC         ; Input: none
  176 000000AC         ; Output: none
  177 000000AC         red_led_on
  178 000000AC 4914            LDR              R1, =PF1
  179 000000AE F04F 0002       MOV              R0, #RED    ; R0 = RED (red LED
                                                             on)
  180 000000B2 6008            STR              R0, [R1]    ; turn the red LED 
                                                            on
  181 000000B4 4770            BX               LR
  182 000000B6         
  183 000000B6         ;------------red_led_off------
  184 000000B6         ; Turn the red LED off
  185 000000B6         ; Input: none
  186 000000B6         ; Output: none
  187 000000B6         red_led_off
  188 000000B6 4912            LDR              R1, =PF1
  189 000000B8 F04F 0000       MOV              R0, #0      ; R0 = 0
  190 000000BC 6008            STR              R0, [R1]    ; turn the red LED 
                                                            OFF
  191 000000BE 4770            BX               LR
  192 000000C0         
  193 000000C0         ;------------green_led_on------
  194 000000C0         ; Turn the green LED on
  195 000000C0         ; Input: none
  196 000000C0         ; Output: none
  197 000000C0         green_led_on
  198 000000C0 4911            LDR              R1, =PF3
  199 000000C2 F04F 0008       MOV              R0, #GREEN  ; R0 = GREEN (green
                                                             LED on)
  200 000000C6 6008            STR              R0, [R1]    ; turn the green LE
                                                            D on
  201 000000C8 4770            BX               LR
  202 000000CA         
  203 000000CA         ;------------green_led_off-----
  204 000000CA         ; Turn the green LED off
  205 000000CA         ; Input: none
  206 000000CA         ; Output: none
  207 000000CA         green_led_off
  208 000000CA 490F            LDR              R1, =PF3
  209 000000CC F04F 0000       MOV              R0, #0      ; R0 = 0
  210 000000D0 6008            STR              R0, [R1]    ; turn the green LE
                                                            D OFF
  211 000000D2 4770            BX               LR
  212 000000D4         
  213 000000D4         
  214 000000D4         
  215 000000D4         
  216 000000D4         
  217 000000D4                 ALIGN
  218 000000D4                 END



ARM Macro Assembler    Page 6 


              400FE108 
              40025520 
              4C4F434B 
              40025524 
              40025528 
              4002552C 
              40025400 
              40025420 
              40025510 
              4002551C 
              40025038 
              40025008 
              40025010 
              40025020 
              400253FC 
              002932E0 
Command Line: --debug --xref --diag_suppress=9931,A1950W --cpu=Cortex-M4 --fpu=
SoftVFP --depend=.\objects\portf.d -o.\objects\portf.o -IC:\Keil_v5\ARM\PACK\AR
M\Cortex_DFP\1.1.0\Device\ARMCM4\Include -IC:\Keil_v5\ARM\PACK\ARM\Cortex_DFP\1
.1.0\Device\ARM\ARMCM4\Include --predefine="__EVAL SETA 1" --predefine="__UVISI
ON_VERSION SETA 542" --predefine="ARMCM4 SETA 1" --list=.\listings\portf.lst Po
rtF.s



ARM Macro Assembler    Page 1 Alphabetic symbol ordering
Relocatable symbols

.text 00000000

Symbol: .text
   Definitions
      At line 25 in file PortF.s
   Uses
      None
Comment: .text unused
LEDs_on 0000004E

Symbol: LEDs_on
   Definitions
      At line 103 in file PortF.s
   Uses
      At line 28 in file PortF.s
Comment: LEDs_on used once
PortF_Init 00000000

Symbol: PortF_Init
   Definitions
      At line 50 in file PortF.s
   Uses
      At line 27 in file PortF.s
Comment: PortF_Init used once
all_off 0000007C

Symbol: all_off
   Definitions
      At line 133 in file PortF.s
   Uses
      At line 32 in file PortF.s
Comment: all_off used once
blue_led_off 000000A2

Symbol: blue_led_off
   Definitions
      At line 167 in file PortF.s
   Uses
      At line 38 in file PortF.s
Comment: blue_led_off used once
blue_led_on 00000098

Symbol: blue_led_on
   Definitions
      At line 162 in file PortF.s
   Uses
      At line 37 in file PortF.s
Comment: blue_led_on used once
blue_on 00000064

Symbol: blue_on
   Definitions
      At line 119 in file PortF.s
   Uses
      At line 30 in file PortF.s
Comment: blue_on used once
buttons 00000086

Symbol: buttons



ARM Macro Assembler    Page 2 Alphabetic symbol ordering
Relocatable symbols

   Definitions
      At line 141 in file PortF.s
   Uses
      At line 33 in file PortF.s
Comment: buttons used once
delay 00000090

Symbol: delay
   Definitions
      At line 153 in file PortF.s
   Uses
      At line 34 in file PortF.s
Comment: delay used once
delay_loop 00000092

Symbol: delay_loop
   Definitions
      At line 155 in file PortF.s
   Uses
      At line 157 in file PortF.s
Comment: delay_loop used once
green_led_off 000000CA

Symbol: green_led_off
   Definitions
      At line 207 in file PortF.s
   Uses
      At line 42 in file PortF.s
Comment: green_led_off used once
green_led_on 000000C0

Symbol: green_led_on
   Definitions
      At line 197 in file PortF.s
   Uses
      At line 41 in file PortF.s
Comment: green_led_on used once
green_toggle 00000070

Symbol: green_toggle
   Definitions
      At line 126 in file PortF.s
   Uses
      At line 31 in file PortF.s
Comment: green_toggle used once
red_led_off 000000B6

Symbol: red_led_off
   Definitions
      At line 187 in file PortF.s
   Uses
      At line 40 in file PortF.s
Comment: red_led_off used once
red_led_on 000000AC

Symbol: red_led_on
   Definitions
      At line 177 in file PortF.s
   Uses



ARM Macro Assembler    Page 3 Alphabetic symbol ordering
Relocatable symbols

      At line 39 in file PortF.s
Comment: red_led_on used once
red_on 00000058

Symbol: red_on
   Definitions
      At line 112 in file PortF.s
   Uses
      At line 29 in file PortF.s
Comment: red_on used once
16 symbols



ARM Macro Assembler    Page 1 Alphabetic symbol ordering
Absolute symbols

BLUE 00000004

Symbol: BLUE
   Definitions
      At line 17 in file PortF.s
   Uses
      At line 122 in file PortF.s
      At line 164 in file PortF.s

DELAYVAL 002932E0

Symbol: DELAYVAL
   Definitions
      At line 151 in file PortF.s
   Uses
      At line 154 in file PortF.s
Comment: DELAYVAL used once
GPIO_LOCK_KEY 4C4F434B

Symbol: GPIO_LOCK_KEY
   Definitions
      At line 10 in file PortF.s
   Uses
      None
Comment: GPIO_LOCK_KEY unused
GPIO_PORTF_AFSEL_R 40025420

Symbol: GPIO_PORTF_AFSEL_R
   Definitions
      At line 3 in file PortF.s
   Uses
      At line 85 in file PortF.s
Comment: GPIO_PORTF_AFSEL_R used once
GPIO_PORTF_AMSEL_R 40025528

Symbol: GPIO_PORTF_AMSEL_R
   Definitions
      At line 8 in file PortF.s
   Uses
      At line 71 in file PortF.s
Comment: GPIO_PORTF_AMSEL_R used once
GPIO_PORTF_CR_R 40025524

Symbol: GPIO_PORTF_CR_R
   Definitions
      At line 7 in file PortF.s
   Uses
      At line 65 in file PortF.s
Comment: GPIO_PORTF_CR_R used once
GPIO_PORTF_DATA_R 400253FC

Symbol: GPIO_PORTF_DATA_R
   Definitions
      At line 1 in file PortF.s
   Uses
      At line 143 in file PortF.s
Comment: GPIO_PORTF_DATA_R used once
GPIO_PORTF_DEN_R 4002551C




ARM Macro Assembler    Page 2 Alphabetic symbol ordering
Absolute symbols

Symbol: GPIO_PORTF_DEN_R
   Definitions
      At line 5 in file PortF.s
   Uses
      At line 93 in file PortF.s
Comment: GPIO_PORTF_DEN_R used once
GPIO_PORTF_DIR_R 40025400

Symbol: GPIO_PORTF_DIR_R
   Definitions
      At line 2 in file PortF.s
   Uses
      At line 81 in file PortF.s
Comment: GPIO_PORTF_DIR_R used once
GPIO_PORTF_LOCK_R 40025520

Symbol: GPIO_PORTF_LOCK_R
   Definitions
      At line 6 in file PortF.s
   Uses
      At line 62 in file PortF.s
Comment: GPIO_PORTF_LOCK_R used once
GPIO_PORTF_PCTL_R 4002552C

Symbol: GPIO_PORTF_PCTL_R
   Definitions
      At line 9 in file PortF.s
   Uses
      At line 76 in file PortF.s
Comment: GPIO_PORTF_PCTL_R used once
GPIO_PORTF_PUR_R 40025510

Symbol: GPIO_PORTF_PUR_R
   Definitions
      At line 4 in file PortF.s
   Uses
      At line 88 in file PortF.s
Comment: GPIO_PORTF_PUR_R used once
GREEN 00000008

Symbol: GREEN
   Definitions
      At line 18 in file PortF.s
   Uses
      At line 129 in file PortF.s
      At line 199 in file PortF.s

LEDS 40025038

Symbol: LEDS
   Definitions
      At line 13 in file PortF.s
   Uses
      At line 104 in file PortF.s
      At line 135 in file PortF.s

PART3 00000000

Symbol: PART3



ARM Macro Assembler    Page 3 Alphabetic symbol ordering
Absolute symbols

   Definitions
      At line 46 in file PortF.s
   Uses
      None
Comment: PART3 unused
PART7 000000FF

Symbol: PART7
   Definitions
      At line 47 in file PortF.s
   Uses
      None
Comment: PART7 unused
PF1 40025008

Symbol: PF1
   Definitions
      At line 19 in file PortF.s
   Uses
      At line 113 in file PortF.s
      At line 178 in file PortF.s
      At line 188 in file PortF.s

PF2 40025010

Symbol: PF2
   Definitions
      At line 20 in file PortF.s
   Uses
      At line 120 in file PortF.s
      At line 163 in file PortF.s
      At line 168 in file PortF.s

PF3 40025020

Symbol: PF3
   Definitions
      At line 21 in file PortF.s
   Uses
      At line 127 in file PortF.s
      At line 198 in file PortF.s
      At line 208 in file PortF.s

RED 00000002

Symbol: RED
   Definitions
      At line 16 in file PortF.s
   Uses
      At line 115 in file PortF.s
      At line 179 in file PortF.s

SYSCTL_RCGC2_GPIOF 00000020

Symbol: SYSCTL_RCGC2_GPIOF
   Definitions
      At line 12 in file PortF.s
   Uses
      None



ARM Macro Assembler    Page 4 Alphabetic symbol ordering
Absolute symbols

Comment: SYSCTL_RCGC2_GPIOF unused
SYSCTL_RCGC2_R 400FE108

Symbol: SYSCTL_RCGC2_R
   Definitions
      At line 11 in file PortF.s
   Uses
      At line 55 in file PortF.s
Comment: SYSCTL_RCGC2_R used once
22 symbols
373 symbols in table
