


ARM Macro Assembler    Page 1 


    1 00000000         
    2 00000000         
    3 00000000         
    4 00000000         
    5 00000000                 AREA             |.text|, CODE, READONLY, ALIGN=
2
    6 00000000                 THUMB
    7 00000000                 EXPORT           Start
    8 00000000                 IMPORT           PortF_Init  ;
    9 00000000                 IMPORT           delay
   10 00000000                 IMPORT           delay_dim
   11 00000000                 IMPORT           blue_led_on
   12 00000000                 IMPORT           blue_led_off
   13 00000000                 IMPORT           red_led_on
   14 00000000                 IMPORT           red_led_off
   15 00000000                 IMPORT           green_led_on
   16 00000000                 IMPORT           green_led_off
   17 00000000         
   18 00000000         Start
   19 00000000 F7FF FFFE       BL               PortF_Init  ; ; Initialize the 
                                                            LEDs and Pushbutton
                                                            s
   20 00000004         
   21 00000004         loop
   22 00000004         
   23 00000004 E008            B                parts34     ;Uncomment this lin
                                                            e to skip the toggl
                                                            ing routine used in
                                                             Parts 1 and 2
   24 00000006         
   25 00000006 F7FF FFFE       BL               red_led_on
   26 0000000A F7FF FFFE       BL               delay       ;delay or delay_dim
                                                            
   27 0000000E F7FF FFFE       BL               red_led_off
   28 00000012 F7FF FFFE       BL               delay
   29 00000016 E7F5            B                loop
   30 00000018         
   31 00000018         
   32 00000018         parts34
   33 00000018         
   34 00000018         
   35 00000018         ;B red_start
   36 00000018 F04F 0204       MOV              R2, #4
   37 0000001C         red_loop
   38 0000001C F7FF FFFE       BL               red_led_on
   39 00000020 F7FF FFFE       BL               delay       ;delay or delay_dim
                                                            
   40 00000024 F7FF FFFE       BL               red_led_off
   41 00000028 F7FF FFFE       BL               delay
   42 0000002C 1E52            SUBS             R2, R2, #1
   43 0000002E D1F5            BNE              red_loop
   44 00000030         
   45 00000030         ;B blue_start
   46 00000030 F04F 0303       MOV              R3, #3
   47 00000034         blue_green_loop
   48 00000034         
   49 00000034         
   50 00000034 F04F 0203       MOV              R2, #3
   51 00000038         blue_loop



ARM Macro Assembler    Page 2 


   52 00000038 F7FF FFFE       BL               blue_led_on
   53 0000003C F7FF FFFE       BL               delay       ;delay or delay_dim
                                                            
   54 00000040 F7FF FFFE       BL               blue_led_off
   55 00000044 F7FF FFFE       BL               delay
   56 00000048 1E52            SUBS             R2, R2, #1
   57 0000004A D1F5            BNE              blue_loop
   58 0000004C         
   59 0000004C         ;B green_start
   60 0000004C F04F 0202       MOV              R2, #2
   61 00000050         green_loop
   62 00000050 F7FF FFFE       BL               green_led_on
   63 00000054 F7FF FFFE       BL               delay       ;delay or delay_dim
                                                            
   64 00000058 F7FF FFFE       BL               green_led_off
   65 0000005C F7FF FFFE       BL               delay
   66 00000060 1E52            SUBS             R2, R2, #1
   67 00000062 D1F5            BNE              green_loop
   68 00000064         
   69 00000064 1E5B            SUBS             R3, R3, #1
   70 00000066 D1E5            BNE              blue_green_loop
   71 00000068         
   72 00000068 E7D6            B                parts34
   73 0000006A         
   74 0000006A         ; make sure the end of this section is aligned
   75 0000006A         
   76 0000006A         
   77 0000006A         
   78 0000006A 00000004 
                       REDLOOP EQU              4
   79 0000006A         red_startsdsd
   80 0000006A F10E 0301       ADD              R3, LR, #1
   81 0000006E F04F 0204       LDR              R2, = REDLOOP ; put the value o
                                                            f REDLOOP into R2 
   82 00000072         red_loopsdsd
   83 00000072 F7FF FFFE       BL               red_led_on
   84 00000076 F7FF FFFE       BL               delay
   85 0000007A F7FF FFFE       BL               red_led_off
   86 0000007E F7FF FFFE       BL               delay
   87 00000082         
   88 00000082 1E52            SUBS             R2, R2, #1  ; R2 = R2 - 1
   89 00000084         
   90 00000084 D1CA            BNE              red_loop    ; repeat until R2 =
                                                            = 0
   91 00000086 469E            MOV              LR , R3
   92 00000088 47F0            BLX              LR          ; return
   93 0000008A         
   94 0000008A         ; make sure the end of this section is aligned
   95 0000008A         
   96 0000008A         
   97 0000008A 00000003 
                       BLUELOOP
                               EQU              3
   98 0000008A         blue_startsds
   99 0000008A 4673            MOV              R3, LR
  100 0000008C F04F 0203       LDR              R2, = BLUELOOP ; put the value 
                                                            of REDLOOP into R2
  101 00000090         blue_loopsdsds
  102 00000090 1E52            SUBS             R2, R2, #1  ; R2 = R2 - 1



ARM Macro Assembler    Page 3 


  103 00000092 F7FF FFFE       BL               blue_led_on
  104 00000096 F7FF FFFE       BL               delay
  105 0000009A F7FF FFFE       BL               blue_led_off
  106 0000009E F7FF FFFE       BL               delay
  107 000000A2         
  108 000000A2 D1C9            BNE              blue_loop   ; repeat until R2 =
                                                            = 0
  109 000000A4 469E            MOV              LR, R3
  110 000000A6 4798            BLX              R3          ; return
  111 000000A8         
  112 000000A8         ; make sure the end of this section is aligned
  113 000000A8         
  114 000000A8 00000002 
                       GREENLOOP
                               EQU              2
  115 000000A8         green_startsdsdd
  116 000000A8 4673            MOV              R3, LR
  117 000000AA F04F 0202       LDR              R2, = GREENLOOP ; put the value
                                                             of REDLOOP into R2
                                                            
  118 000000AE         green_loopsdssd
  119 000000AE 1E52            SUBS             R2, R2, #1  ; R2 = R2 - 1
  120 000000B0         
  121 000000B0 F7FF FFFE       BL               green_led_on
  122 000000B4 F7FF FFFE       BL               delay
  123 000000B8 F7FF FFFE       BL               green_led_off
  124 000000BC F7FF FFFE       BL               delay
  125 000000C0         
  126 000000C0 D1C6            BNE              green_loop  ; repeat until R2 =
                                                            = 0
  127 000000C2 469E            MOV              LR, R3
  128 000000C4 4798            BLX              R3          ; return
  129 000000C6         
  130 000000C6         ; make sure the end of this section is aligned
  131 000000C6         
  132 000000C6         
  133 000000C6         
  134 000000C6         
  135 000000C6         
  136 000000C6         
  137 000000C6 00 00           ALIGN
  138 000000C8                 END                          ; end of file
Command Line: --debug --xref --diag_suppress=9931,A1950W --cpu=Cortex-M4 --fpu=
SoftVFP --depend=.\objects\main.d -o.\objects\main.o -IC:\Keil_v5\ARM\PACK\ARM\
Cortex_DFP\1.1.0\Device\ARMCM4\Include -IC:\Keil_v5\ARM\PACK\ARM\Cortex_DFP\1.1
.0\Device\ARM\ARMCM4\Include --predefine="__EVAL SETA 1" --predefine="__UVISION
_VERSION SETA 541" --predefine="ARMCM4 SETA 1" --list=.\listings\main.lst main.
s



ARM Macro Assembler    Page 1 Alphabetic symbol ordering
Relocatable symbols

.text 00000000

Symbol: .text
   Definitions
      At line 5 in file main.s
   Uses
      None
Comment: .text unused
Start 00000000

Symbol: Start
   Definitions
      At line 18 in file main.s
   Uses
      At line 7 in file main.s
Comment: Start used once
blue_green_loop 00000034

Symbol: blue_green_loop
   Definitions
      At line 47 in file main.s
   Uses
      At line 70 in file main.s
Comment: blue_green_loop used once
blue_loop 00000038

Symbol: blue_loop
   Definitions
      At line 51 in file main.s
   Uses
      At line 57 in file main.s
      At line 108 in file main.s

blue_loopsdsds 00000090

Symbol: blue_loopsdsds
   Definitions
      At line 101 in file main.s
   Uses
      None
Comment: blue_loopsdsds unused
blue_startsds 0000008A

Symbol: blue_startsds
   Definitions
      At line 98 in file main.s
   Uses
      None
Comment: blue_startsds unused
green_loop 00000050

Symbol: green_loop
   Definitions
      At line 61 in file main.s
   Uses
      At line 67 in file main.s
      At line 126 in file main.s

green_loopsdssd 000000AE



ARM Macro Assembler    Page 2 Alphabetic symbol ordering
Relocatable symbols


Symbol: green_loopsdssd
   Definitions
      At line 118 in file main.s
   Uses
      None
Comment: green_loopsdssd unused
green_startsdsdd 000000A8

Symbol: green_startsdsdd
   Definitions
      At line 115 in file main.s
   Uses
      None
Comment: green_startsdsdd unused
loop 00000004

Symbol: loop
   Definitions
      At line 21 in file main.s
   Uses
      At line 29 in file main.s
Comment: loop used once
parts34 00000018

Symbol: parts34
   Definitions
      At line 32 in file main.s
   Uses
      At line 23 in file main.s
      At line 72 in file main.s

red_loop 0000001C

Symbol: red_loop
   Definitions
      At line 37 in file main.s
   Uses
      At line 43 in file main.s
      At line 90 in file main.s

red_loopsdsd 00000072

Symbol: red_loopsdsd
   Definitions
      At line 82 in file main.s
   Uses
      None
Comment: red_loopsdsd unused
red_startsdsd 0000006A

Symbol: red_startsdsd
   Definitions
      At line 79 in file main.s
   Uses
      None
Comment: red_startsdsd unused
14 symbols



ARM Macro Assembler    Page 1 Alphabetic symbol ordering
Absolute symbols

BLUELOOP 00000003

Symbol: BLUELOOP
   Definitions
      At line 97 in file main.s
   Uses
      At line 100 in file main.s
Comment: BLUELOOP used once
GREENLOOP 00000002

Symbol: GREENLOOP
   Definitions
      At line 114 in file main.s
   Uses
      At line 117 in file main.s
Comment: GREENLOOP used once
REDLOOP 00000004

Symbol: REDLOOP
   Definitions
      At line 78 in file main.s
   Uses
      At line 81 in file main.s
Comment: REDLOOP used once
3 symbols



ARM Macro Assembler    Page 1 Alphabetic symbol ordering
External symbols

PortF_Init 00000000

Symbol: PortF_Init
   Definitions
      At line 8 in file main.s
   Uses
      At line 19 in file main.s
Comment: PortF_Init used once
blue_led_off 00000000

Symbol: blue_led_off
   Definitions
      At line 12 in file main.s
   Uses
      At line 54 in file main.s
      At line 105 in file main.s

blue_led_on 00000000

Symbol: blue_led_on
   Definitions
      At line 11 in file main.s
   Uses
      At line 52 in file main.s
      At line 103 in file main.s

delay 00000000

Symbol: delay
   Definitions
      At line 9 in file main.s
   Uses
      At line 26 in file main.s
      At line 28 in file main.s
      At line 39 in file main.s
      At line 41 in file main.s
      At line 53 in file main.s
      At line 55 in file main.s
      At line 63 in file main.s
      At line 65 in file main.s
      At line 84 in file main.s
      At line 86 in file main.s
      At line 104 in file main.s
      At line 106 in file main.s
      At line 122 in file main.s
      At line 124 in file main.s

delay_dim 00000000

Symbol: delay_dim
   Definitions
      At line 10 in file main.s
   Uses
      None
Comment: delay_dim unused
green_led_off 00000000

Symbol: green_led_off
   Definitions



ARM Macro Assembler    Page 2 Alphabetic symbol ordering
External symbols

      At line 16 in file main.s
   Uses
      At line 64 in file main.s
      At line 123 in file main.s

green_led_on 00000000

Symbol: green_led_on
   Definitions
      At line 15 in file main.s
   Uses
      At line 62 in file main.s
      At line 121 in file main.s

red_led_off 00000000

Symbol: red_led_off
   Definitions
      At line 14 in file main.s
   Uses
      At line 27 in file main.s
      At line 40 in file main.s
      At line 85 in file main.s

red_led_on 00000000

Symbol: red_led_on
   Definitions
      At line 13 in file main.s
   Uses
      At line 25 in file main.s
      At line 38 in file main.s
      At line 83 in file main.s

9 symbols
359 symbols in table
